<?xml version="1.0" encoding="UTF-8"?>
<!-- Generated by org.testng.reporters.JUnitReportReporter -->
<testsuite hostname="FVFHXGV9Q6LR" failures="0" tests="1" name="APITesting.RESTAssured.Question1" time="1.098" errors="0" timestamp="2023-05-18T12:21:49 IST" skipped="0">
  <testcase classname="APITesting.RESTAssured.Question1" name="test_ListUsers" time="1.098"/>
  <system-out/>
</testsuite> <!-- APITesting.RESTAssured.Question1 -->
