<?xml version="1.0" encoding="UTF-8"?>
<!-- Generated by org.testng.reporters.JUnitReportReporter -->
<testsuite hostname="FVFHXGV9Q6LR" failures="0" tests="1" name="APITesting.RESTAssured.Question2" time="1.496" errors="0" timestamp="2023-05-18T12:25:38 IST" skipped="0">
  <testcase classname="APITesting.RESTAssured.Question2" name="test_getUser" time="1.496"/>
  <system-out/>
</testsuite> <!-- APITesting.RESTAssured.Question2 -->
