<?xml version="1.0" encoding="UTF-8"?>
<!-- Generated by org.testng.reporters.JUnitReportReporter -->
<testsuite hostname="FVFHXGV9Q6LR" failures="0" tests="1" name="Collection.Delete" time="0.840" errors="0" timestamp="2023-05-16T16:29:55 IST" skipped="0">
  <testcase classname="Collection.Delete" name="TC3" time="0.840"/>
  <system-out/>
</testsuite> <!-- Collection.Delete -->
