<?xml version="1.0" encoding="UTF-8"?>
<!-- Generated by org.testng.reporters.JUnitReportReporter -->
<testsuite hostname="FVFHXGV9Q6LR" failures="0" tests="1" name="APITesting.RESTAssured.Question6" time="1.417" errors="0" timestamp="2023-05-18T12:30:08 IST" skipped="0">
  <testcase classname="APITesting.RESTAssured.Question6" name="test_deleteUser" time="1.417"/>
  <system-out/>
</testsuite> <!-- APITesting.RESTAssured.Question6 -->
