<?xml version="1.0" encoding="UTF-8"?>
<!-- Generated by org.testng.reporters.JUnitReportReporter -->
<testsuite hostname="FVFHXGV9Q6LR" failures="0" tests="1" name="Collection.Put" time="0.760" errors="0" timestamp="2023-05-16T16:39:46 IST" skipped="0">
  <testcase classname="Collection.Put" name="S1" time="0.760"/>
  <system-out/>
</testsuite> <!-- Collection.Put -->
