<?xml version="1.0" encoding="UTF-8"?>
<!-- Generated by org.testng.reporters.JUnitReportReporter -->
<testsuite hostname="FVFHXGV9Q6LR" failures="0" tests="1" name="Collection.Get" time="0.769" errors="0" timestamp="2023-05-16T16:10:24 IST" skipped="0">
  <testcase classname="Collection.Get" name="TC1" time="0.769"/>
  <system-out/>
</testsuite> <!-- Collection.Get -->
