<?xml version="1.0" encoding="UTF-8"?>
<!-- Generated by org.testng.reporters.JUnitReportReporter -->
<testsuite hostname="FVFHXGV9Q6LR" failures="0" tests="1" name="APITesting.RESTAssured.Question3" time="1.463" errors="0" timestamp="2023-05-18T12:27:39 IST" skipped="0">
  <testcase classname="APITesting.RESTAssured.Question3" name="test_createUser" time="1.463"/>
  <system-out/>
</testsuite> <!-- APITesting.RESTAssured.Question3 -->
