<?xml version="1.0" encoding="UTF-8"?>
<!-- Generated by org.testng.reporters.JUnitReportReporter -->
<testsuite hostname="FVFHXGV9Q6LR" failures="0" tests="1" name="Collection.Post" time="0.800" errors="0" timestamp="2023-05-16T16:21:27 IST" skipped="0">
  <testcase classname="Collection.Post" name="TC2" time="0.800"/>
  <system-out/>
</testsuite> <!-- Collection.Post -->
