<?xml version="1.0" encoding="UTF-8"?>
<!-- Generated by org.testng.reporters.JUnitReportReporter -->
<testsuite hostname="FVFHXGV9Q6LR" failures="0" tests="1" name="APITesting.RESTAssured.Question5" time="1.588" errors="0" timestamp="2023-05-18T12:31:34 IST" skipped="0">
  <testcase classname="APITesting.RESTAssured.Question5" name="test_patchUser" time="1.588"/>
  <system-out/>
</testsuite> <!-- APITesting.RESTAssured.Question5 -->
