<?xml version="1.0" encoding="UTF-8"?>
<!-- Generated by org.testng.reporters.JUnitReportReporter -->
<testsuite hostname="FVFHXGV9Q6LR" failures="0" tests="1" name="APITesting.RESTAssured.Question4" time="1.485" errors="0" timestamp="2023-05-18T12:28:28 IST" skipped="0">
  <testcase classname="APITesting.RESTAssured.Question4" name="test_updateUser" time="1.485"/>
  <system-out/>
</testsuite> <!-- APITesting.RESTAssured.Question4 -->
