<?xml version="1.0" encoding="UTF-8"?>
<!-- Generated by org.testng.reporters.JUnitReportReporter -->
<testsuite hostname="FVFHXGV9Q6LR" failures="0" tests="1" name="Collection.Patch" time="0.776" errors="0" timestamp="2023-05-16T16:39:08 IST" skipped="0">
  <testcase classname="Collection.Patch" name="S1" time="0.776"/>
  <system-out/>
</testsuite> <!-- Collection.Patch -->
